# JRE version: Java(TM) SE Runtime Environment (17.0.11+7) (build 17.0.11+7-LTS-207)
# Java VM: Java HotSpot(TM) 64-Bit Server VM (17.0.11+7-LTS-207, mixed mode, sharing, tiered, compressed oops, compressed class ptrs, g1 gc, windows-amd64)
GC Precious Log:
 CPUs: 4 total, 4 available
 Memory: 7914M
 Large Page Support: Disabled
 NUMA Support: Disabled
 Compressed Oops: Enabled (Zero based)
 Heap Region Size: 2M
 Heap Min Capacity: 8M
 Heap Initial Capacity: 124M
 Heap Max Capacity: 4G
 Pre-touch: Disabled
 Parallel Workers: 4
 Concurrent Workers: 1
 Concurrent Refinement Workers: 4
 Periodic GC: Disabled
Heap:
 garbage-first heap   total 215040K, used 148388K [0x0000000700000000, 0x0000000800000000)
  region size 2048K, 17 young (34816K), 2 survivors (4096K)
 Metaspace       used 89356K, committed 90368K, reserved 1179648K
  class space    used 12474K, committed 12928K, reserved 1048576K
GC Heap History (20 events):
Event: 20.663 GC heap before
{Heap before GC invocations=26 (full 0):
 garbage-first heap   total 112640K, used 87401K [0x0000000700000000, 0x0000000800000000)
  region size 2048K, 13 young (26624K), 1 survivors (2048K)
 Metaspace       used 65089K, committed 65728K, reserved 1114112K
  class space    used 8989K, committed 9280K, reserved 1048576K
}
Event: 20.667 GC heap after
{Heap after GC invocations=27 (full 0):
 garbage-first heap   total 112640K, used 64290K [0x0000000700000000, 0x0000000800000000)
  region size 2048K, 2 young (4096K), 2 survivors (4096K)
 Metaspace       used 65089K, committed 65728K, reserved 1114112K
  class space    used 8989K, committed 9280K, reserved 1048576K
}
Event: 21.190 GC heap before
{Heap before GC invocations=28 (full 0):
 garbage-first heap   total 120832K, used 84770K [0x0000000700000000, 0x0000000800000000)
  region size 2048K, 13 young (26624K), 2 survivors (4096K)
 Metaspace       used 67106K, committed 67776K, reserved 1114112K
  class space    used 9225K, committed 9536K, reserved 1048576K
}
Event: 21.194 GC heap after
{Heap after GC invocations=29 (full 0):
 garbage-first heap   total 120832K, used 65547K [0x0000000700000000, 0x0000000800000000)
  region size 2048K, 2 young (4096K), 2 survivors (4096K)
 Metaspace       used 67106K, committed 67776K, reserved 1114112K
  class space    used 9225K, committed 9536K, reserved 1048576K
}
Event: 21.747 GC heap before
{Heap before GC invocations=29 (full 0):
 garbage-first heap   total 120832K, used 96267K [0x0000000700000000, 0x0000000800000000)
  region size 2048K, 17 young (34816K), 2 survivors (4096K)
 Metaspace       used 68864K, committed 69568K, reserved 1114112K
  class space    used 9465K, committed 9792K, reserved 1048576K
}
Event: 21.753 GC heap after
{Heap after GC invocations=30 (full 0):
 garbage-first heap   total 198656K, used 68000K [0x0000000700000000, 0x0000000800000000)
  region size 2048K, 3 young (6144K), 3 survivors (6144K)
 Metaspace       used 68864K, committed 69568K, reserved 1114112K
  class space    used 9465K, committed 9792K, reserved 1048576K
}
Event: 23.218 GC heap before
{Heap before GC invocations=31 (full 0):
 garbage-first heap   total 198656K, used 156064K [0x0000000700000000, 0x0000000800000000)
  region size 2048K, 46 young (94208K), 3 survivors (6144K)
 Metaspace       used 70326K, committed 71040K, reserved 1114112K
  class space    used 9652K, committed 9984K, reserved 1048576K
}
Event: 23.228 GC heap after
{Heap after GC invocations=32 (full 0):
 garbage-first heap   total 198656K, used 74459K [0x0000000700000000, 0x0000000800000000)
  region size 2048K, 6 young (12288K), 6 survivors (12288K)
 Metaspace       used 70326K, committed 71040K, reserved 1114112K
  class space    used 9652K, committed 9984K, reserved 1048576K
}
Event: 24.550 GC heap before
{Heap before GC invocations=32 (full 0):
 garbage-first heap   total 198656K, used 156379K [0x0000000700000000, 0x0000000800000000)
  region size 2048K, 46 young (94208K), 6 survivors (12288K)
 Metaspace       used 76263K, committed 76992K, reserved 1179648K
  class space    used 10659K, committed 11008K, reserved 1048576K
}
Event: 24.567 GC heap after
{Heap after GC invocations=33 (full 0):
 garbage-first heap   total 198656K, used 81776K [0x0000000700000000, 0x0000000800000000)
  region size 2048K, 4 young (8192K), 4 survivors (8192K)
 Metaspace       used 76263K, committed 76992K, reserved 1179648K
  class space    used 10659K, committed 11008K, reserved 1048576K
}
Event: 26.921 GC heap before
{Heap before GC invocations=33 (full 0):
 garbage-first heap   total 198656K, used 155504K [0x0000000700000000, 0x0000000800000000)
  region size 2048K, 41 young (83968K), 4 survivors (8192K)
 Metaspace       used 79068K, committed 79872K, reserved 1179648K
  class space    used 11062K, committed 11456K, reserved 1048576K
}
Event: 26.938 GC heap after
{Heap after GC invocations=34 (full 0):
 garbage-first heap   total 198656K, used 91971K [0x0000000700000000, 0x0000000800000000)
  region size 2048K, 5 young (10240K), 5 survivors (10240K)
 Metaspace       used 79068K, committed 79872K, reserved 1179648K
  class space    used 11062K, committed 11456K, reserved 1048576K
}
Event: 44.680 GC heap before
{Heap before GC invocations=34 (full 0):
 garbage-first heap   total 198656K, used 157507K [0x0000000700000000, 0x0000000800000000)
  region size 2048K, 37 young (75776K), 5 survivors (10240K)
 Metaspace       used 80062K, committed 80960K, reserved 1179648K
  class space    used 11169K, committed 11584K, reserved 1048576K
}
Event: 44.708 GC heap after
{Heap after GC invocations=35 (full 0):
 garbage-first heap   total 198656K, used 101429K [0x0000000700000000, 0x0000000800000000)
  region size 2048K, 5 young (10240K), 5 survivors (10240K)
 Metaspace       used 80062K, committed 80960K, reserved 1179648K
  class space    used 11169K, committed 11584K, reserved 1048576K
}
Event: 85.256 GC heap before
{Heap before GC invocations=35 (full 0):
 garbage-first heap   total 198656K, used 154677K [0x0000000700000000, 0x0000000800000000)
  region size 2048K, 32 young (65536K), 5 survivors (10240K)
 Metaspace       used 85812K, committed 86784K, reserved 1179648K
  class space    used 11969K, committed 12416K, reserved 1048576K
}
Event: 85.274 GC heap after
{Heap after GC invocations=36 (full 0):
 garbage-first heap   total 198656K, used 107354K [0x0000000700000000, 0x0000000800000000)
  region size 2048K, 3 young (6144K), 3 survivors (6144K)
 Metaspace       used 85812K, committed 86784K, reserved 1179648K
  class space    used 11969K, committed 12416K, reserved 1048576K
}
Event: 93.395 GC heap before
{Heap before GC invocations=37 (full 0):
 garbage-first heap   total 198656K, used 158554K [0x0000000700000000, 0x0000000800000000)
  region size 2048K, 28 young (57344K), 3 survivors (6144K)
 Metaspace       used 87508K, committed 88576K, reserved 1179648K
  class space    used 12193K, committed 12672K, reserved 1048576K
}
Event: 93.443 GC heap after
{Heap after GC invocations=38 (full 0):
 garbage-first heap   total 198656K, used 115623K [0x0000000700000000, 0x0000000800000000)
  region size 2048K, 4 young (8192K), 4 survivors (8192K)
 Metaspace       used 87508K, committed 88576K, reserved 1179648K
  class space    used 12193K, committed 12672K, reserved 1048576K
}
Event: 98.347 GC heap before
{Heap before GC invocations=38 (full 0):
 garbage-first heap   total 198656K, used 156583K [0x0000000700000000, 0x0000000800000000)
  region size 2048K, 25 young (51200K), 4 survivors (8192K)
 Metaspace       used 88326K, committed 89344K, reserved 1179648K
  class space    used 12309K, committed 12736K, reserved 1048576K
}
Event: 98.362 GC heap after
{Heap after GC invocations=39 (full 0):
 garbage-first heap   total 198656K, used 119716K [0x0000000700000000, 0x0000000800000000)
  region size 2048K, 2 young (4096K), 2 survivors (4096K)
 Metaspace       used 88326K, committed 89344K, reserved 1179648K
  class space    used 12309K, committed 12736K, reserved 1048576K
}

